  Tile 2.cpp
C:\Users\amann\source\repos\Tile 2\Tile 2\Tile 2.cpp(22,39): warning C4305:  'argument': truncation from 'double' to 'GLclampf'
C:\Users\amann\source\repos\Tile 2\Tile 2\Tile 2.cpp(74,27): warning C4244:  'argument': conversion from 'double' to 'GLubyte', possible loss of data
C:\Users\amann\source\repos\Tile 2\Tile 2\Tile 2.cpp(74,22): warning C4244:  'argument': conversion from 'double' to 'GLubyte', possible loss of data
C:\Users\amann\source\repos\Tile 2\Tile 2\Tile 2.cpp(74,17): warning C4244:  'argument': conversion from 'double' to 'GLubyte', possible loss of data
C:\Users\amann\source\repos\Tile 2\Tile 2\Tile 2.cpp(75,21): warning C4244:  'argument': conversion from 'int' to 'GLfloat', possible loss of data
C:\Users\amann\source\repos\Tile 2\Tile 2\Tile 2.cpp(76,21): warning C4244:  'argument': conversion from 'int' to 'GLfloat', possible loss of data
C:\Users\amann\source\repos\Tile 2\Tile 2\Tile 2.cpp(77,25): warning C4244:  'argument': conversion from 'int' to 'GLfloat', possible loss of data
C:\Users\amann\source\repos\Tile 2\Tile 2\Tile 2.cpp(82,21): warning C4244:  'argument': conversion from 'int' to 'GLfloat', possible loss of data
C:\Users\amann\source\repos\Tile 2\Tile 2\Tile 2.cpp(83,21): warning C4244:  'argument': conversion from 'int' to 'GLfloat', possible loss of data
C:\Users\amann\source\repos\Tile 2\Tile 2\Tile 2.cpp(84,25): warning C4244:  'argument': conversion from 'int' to 'GLfloat', possible loss of data
C:\Users\amann\source\repos\Tile 2\Tile 2\Tile 2.cpp(90,21): warning C4244:  'argument': conversion from 'int' to 'GLfloat', possible loss of data
C:\Users\amann\source\repos\Tile 2\Tile 2\Tile 2.cpp(91,21): warning C4244:  'argument': conversion from 'int' to 'GLfloat', possible loss of data
C:\Users\amann\source\repos\Tile 2\Tile 2\Tile 2.cpp(92,25): warning C4244:  'argument': conversion from 'int' to 'GLfloat', possible loss of data
C:\Users\amann\source\repos\Tile 2\Tile 2\Tile 2.cpp(107,24): warning C4244:  'argument': conversion from 'double' to 'GLfloat', possible loss of data
C:\Users\amann\source\repos\Tile 2\Tile 2\Tile 2.cpp(108,24): warning C4244:  'argument': conversion from 'double' to 'GLfloat', possible loss of data
C:\Users\amann\source\repos\Tile 2\Tile 2\Tile 2.cpp(109,28): warning C4244:  'argument': conversion from 'double' to 'GLfloat', possible loss of data
C:\Users\amann\source\repos\Tile 2\Tile 2\Tile 2.cpp(114,24): warning C4244:  'argument': conversion from 'double' to 'GLfloat', possible loss of data
C:\Users\amann\source\repos\Tile 2\Tile 2\Tile 2.cpp(116,24): warning C4244:  'argument': conversion from 'double' to 'GLfloat', possible loss of data
C:\Users\amann\source\repos\Tile 2\Tile 2\Tile 2.cpp(118,28): warning C4244:  'argument': conversion from 'double' to 'GLfloat', possible loss of data
C:\Users\amann\source\repos\Tile 2\Tile 2\Tile 2.cpp(125,23): warning C4244:  'argument': conversion from 'double' to 'GLfloat', possible loss of data
C:\Users\amann\source\repos\Tile 2\Tile 2\Tile 2.cpp(126,23): warning C4244:  'argument': conversion from 'double' to 'GLfloat', possible loss of data
C:\Users\amann\source\repos\Tile 2\Tile 2\Tile 2.cpp(127,27): warning C4244:  'argument': conversion from 'double' to 'GLfloat', possible loss of data
C:\Users\amann\source\repos\Tile 2\Tile 2\Tile 2.cpp(141,21): warning C4244:  'argument': conversion from 'int' to 'GLfloat', possible loss of data
C:\Users\amann\source\repos\Tile 2\Tile 2\Tile 2.cpp(142,21): warning C4244:  'argument': conversion from 'int' to 'GLfloat', possible loss of data
C:\Users\amann\source\repos\Tile 2\Tile 2\Tile 2.cpp(143,25): warning C4244:  'argument': conversion from 'int' to 'GLfloat', possible loss of data
C:\Users\amann\source\repos\Tile 2\Tile 2\Tile 2.cpp(148,21): warning C4244:  'argument': conversion from 'int' to 'GLfloat', possible loss of data
C:\Users\amann\source\repos\Tile 2\Tile 2\Tile 2.cpp(149,21): warning C4244:  'argument': conversion from 'int' to 'GLfloat', possible loss of data
C:\Users\amann\source\repos\Tile 2\Tile 2\Tile 2.cpp(150,25): warning C4244:  'argument': conversion from 'int' to 'GLfloat', possible loss of data
C:\Users\amann\source\repos\Tile 2\Tile 2\Tile 2.cpp(156,21): warning C4244:  'argument': conversion from 'int' to 'GLfloat', possible loss of data
C:\Users\amann\source\repos\Tile 2\Tile 2\Tile 2.cpp(157,21): warning C4244:  'argument': conversion from 'int' to 'GLfloat', possible loss of data
C:\Users\amann\source\repos\Tile 2\Tile 2\Tile 2.cpp(158,25): warning C4244:  'argument': conversion from 'int' to 'GLfloat', possible loss of data
C:\Users\amann\source\repos\Tile 2\Tile 2\Tile 2.cpp(173,24): warning C4244:  'argument': conversion from 'double' to 'GLfloat', possible loss of data
C:\Users\amann\source\repos\Tile 2\Tile 2\Tile 2.cpp(174,24): warning C4244:  'argument': conversion from 'double' to 'GLfloat', possible loss of data
C:\Users\amann\source\repos\Tile 2\Tile 2\Tile 2.cpp(175,28): warning C4244:  'argument': conversion from 'double' to 'GLfloat', possible loss of data
C:\Users\amann\source\repos\Tile 2\Tile 2\Tile 2.cpp(180,24): warning C4244:  'argument': conversion from 'double' to 'GLfloat', possible loss of data
C:\Users\amann\source\repos\Tile 2\Tile 2\Tile 2.cpp(181,24): warning C4244:  'argument': conversion from 'double' to 'GLfloat', possible loss of data
C:\Users\amann\source\repos\Tile 2\Tile 2\Tile 2.cpp(182,28): warning C4244:  'argument': conversion from 'double' to 'GLfloat', possible loss of data
C:\Users\amann\source\repos\Tile 2\Tile 2\Tile 2.cpp(189,23): warning C4244:  'argument': conversion from 'double' to 'GLfloat', possible loss of data
C:\Users\amann\source\repos\Tile 2\Tile 2\Tile 2.cpp(190,23): warning C4244:  'argument': conversion from 'double' to 'GLfloat', possible loss of data
C:\Users\amann\source\repos\Tile 2\Tile 2\Tile 2.cpp(191,27): warning C4244:  'argument': conversion from 'double' to 'GLfloat', possible loss of data
  Tile 2.vcxproj -> C:\Users\amann\source\repos\Tile 2\Debug\Tile 2.exe
